<?xml version="1.0" encoding="UTF-8"?>
<testng-results ignored="0" total="2" passed="2" failed="0" skipped="0">
  <reporter-output>
  </reporter-output>
  <suite started-at="2022-01-26T16:57:46Z" name="FtxWebSocketTest Suite" finished-at="2022-01-26T16:57:51Z" duration-ms="5032">
    <groups>
    </groups>
    <test started-at="2022-01-26T16:57:46Z" name="FtxWebSocketTest Test" finished-at="2022-01-26T16:57:51Z" duration-ms="5032">
      <class name="testcase.TestMarkets">
        <test-method is-config="true" signature="setupSuite()[pri:0, instance:testcase.TestMarkets@1a3869f4]" started-at="2022-01-26T16:57:46Z" name="setupSuite" finished-at="2022-01-26T16:57:46Z" duration-ms="34" status="PASS">
          <reporter-output>
          </reporter-output>
        </test-method> <!-- setupSuite -->
        <test-method is-config="true" signature="setupClass()[pri:0, instance:testcase.TestMarkets@1a3869f4]" started-at="2022-01-26T16:57:46Z" name="setupClass" finished-at="2022-01-26T16:57:47Z" duration-ms="1010" status="PASS">
          <reporter-output>
          </reporter-output>
        </test-method> <!-- setupClass -->
        <test-method signature="testConnection()[pri:0, instance:testcase.TestMarkets@1a3869f4]" started-at="2022-01-26T16:57:47Z" name="testConnection" finished-at="2022-01-26T16:57:47Z" duration-ms="2" status="PASS">
          <reporter-output>
          </reporter-output>
        </test-method> <!-- testConnection -->
        <test-method signature="testMessage()[pri:0, instance:testcase.TestMarkets@1a3869f4]" started-at="2022-01-26T16:57:47Z" name="testMessage" finished-at="2022-01-26T16:57:50Z" duration-ms="3007" status="PASS">
          <reporter-output>
          </reporter-output>
        </test-method> <!-- testMessage -->
        <test-method is-config="true" signature="tearDown()[pri:0, instance:testcase.TestMarkets@1a3869f4]" started-at="2022-01-26T16:57:50Z" name="tearDown" finished-at="2022-01-26T16:57:51Z" duration-ms="1005" status="PASS">
          <reporter-output>
          </reporter-output>
        </test-method> <!-- tearDown -->
      </class> <!-- testcase.TestMarkets -->
    </test> <!-- FtxWebSocketTest Test -->
  </suite> <!-- FtxWebSocketTest Suite -->
</testng-results>
